[16:37:00] [main/DEBUG] [FML/]: Injecting tracing printstreams for STDOUT/STDERR.
[16:37:00] [main/INFO] [FML/]: Forge Mod Loader version 14.23.2.2611 for Minecraft 1.12.2 loading
[16:37:00] [main/INFO] [FML/]: Java is Java HotSpot(TM) 64-Bit Server VM, version 1.8.0_161, running on Windows 10:amd64:10.0, installed at C:\Program Files\Java\jre1.8.0_161
[16:37:00] [main/DEBUG] [FML/]: Java classpath at launch is:
[16:37:00] [main/DEBUG] [FML/]:     forge-1.12.2-14.23.2.2611-universal.jar
[16:37:00] [main/DEBUG] [FML/]: Java library path at launch is:
[16:37:00] [main/DEBUG] [FML/]:     C:\ProgramData\Oracle\Java\javapath
[16:37:00] [main/DEBUG] [FML/]:     C:\Windows\Sun\Java\bin
[16:37:00] [main/DEBUG] [FML/]:     C:\Windows\system32
[16:37:00] [main/DEBUG] [FML/]:     C:\Windows
[16:37:00] [main/DEBUG] [FML/]:     C:\ProgramData\Oracle\Java\javapath
[16:37:00] [main/DEBUG] [FML/]:     C:\Windows\system32
[16:37:00] [main/DEBUG] [FML/]:     C:\Windows
[16:37:00] [main/DEBUG] [FML/]:     C:\Windows\System32\Wbem
[16:37:00] [main/DEBUG] [FML/]:     C:\Windows\System32\WindowsPowerShell\v1.0\
[16:37:00] [main/DEBUG] [FML/]:     C:\Program Files (x86)\NVIDIA Corporation\PhysX\Common
[16:37:00] [main/DEBUG] [FML/]:     C:\Program Files (x86)\Windows Live\Shared
[16:37:00] [main/DEBUG] [FML/]:     C:\Program Files (x86)\Skype\Phone\
[16:37:00] [main/DEBUG] [FML/]:     C:\Users\Marvin\AppData\Local\Microsoft\WindowsApps
[16:37:00] [main/DEBUG] [FML/]:     C:\Users\Marvin\AppData\Local\GitHubDesktop\bin
[16:37:00] [main/DEBUG] [FML/]:     .
[16:37:00] [main/DEBUG] [FML/]: Enabling runtime deobfuscation
[16:37:00] [main/DEBUG] [FML/]: Instantiating coremod class FMLCorePlugin
[16:37:00] [main/DEBUG] [FML/]: Found signing certificates for coremod FMLCorePlugin (net.minecraftforge.fml.relauncher.FMLCorePlugin)
[16:37:00] [main/DEBUG] [FML/]: Found certificate e3c3d50c7c986df74c645c0ac54639741c90a557
[16:37:00] [main/DEBUG] [FML/]: Added access transformer class net.minecraftforge.fml.common.asm.transformers.AccessTransformer to enqueued access transformers
[16:37:00] [main/DEBUG] [FML/]: Enqueued coremod FMLCorePlugin
[16:37:00] [main/DEBUG] [FML/]: Instantiating coremod class FMLForgePlugin
[16:37:00] [main/DEBUG] [FML/]: Found signing certificates for coremod FMLForgePlugin (net.minecraftforge.classloading.FMLForgePlugin)
[16:37:00] [main/DEBUG] [FML/]: Found certificate e3c3d50c7c986df74c645c0ac54639741c90a557
[16:37:00] [main/DEBUG] [FML/]: Enqueued coremod FMLForgePlugin
[16:37:00] [main/DEBUG] [FML/]: All fundamental core mods are successfully located
[16:37:00] [main/DEBUG] [FML/]: Attempting to load commandline specified mods, relative to C:\Users\Marvin\Documents\GitHub\MinecraftServer_Forge\Server\.
[16:37:00] [main/INFO] [FML/]: Failed to find the specified repository root C:/Users/Marvin/Desktop/moddes server/libraries
[16:37:00] [main/DEBUG] [FML/]: Discovering coremods
[16:37:00] [main/DEBUG] [FML/]: Examining for coremod candidacy appliedenergistics2-rv5-stable-8.jar
[16:37:00] [main/DEBUG] [FML/]: Not found coremod data in appliedenergistics2-rv5-stable-8.jar
[16:37:00] [main/DEBUG] [FML/]: Examining for coremod candidacy BuildCraft-Mod-1.12.2.jar
[16:37:00] [main/DEBUG] [FML/]: Not found coremod data in BuildCraft-Mod-1.12.2.jar
[16:37:00] [main/DEBUG] [FML/]: Examining for coremod candidacy CodeChickenLib-1.12.2.jar
[16:37:00] [main/DEBUG] [FML/]: Not found coremod data in CodeChickenLib-1.12.2.jar
[16:37:00] [main/DEBUG] [FML/]: Examining for coremod candidacy Doomlike-Dungeons-Mod-1.12.2.jar
[16:37:00] [main/DEBUG] [FML/]: Not found coremod data in Doomlike-Dungeons-Mod-1.12.2.jar
[16:37:00] [main/DEBUG] [FML/]: Examining for coremod candidacy EnderStorage-1.12.jar
[16:37:00] [main/DEBUG] [FML/]: Not found coremod data in EnderStorage-1.12.jar
[16:37:00] [main/DEBUG] [FML/]: Examining for coremod candidacy Industrial-Craft-2-Mod-Experimental-1.12.1.jar
[16:37:00] [main/DEBUG] [FML/]: Not found coremod data in Industrial-Craft-2-Mod-Experimental-1.12.1.jar
[16:37:00] [main/DEBUG] [FML/]: Examining for coremod candidacy Inventory-Tweaks-Mod-1.12.2.jar
[16:37:00] [main/WARN] [FML/]: Found FMLCorePluginContainsFMLMod marker in Inventory-Tweaks-Mod-1.12.2.jar. This is not recommended, @Mods should be in a separate jar from the coremod.
[16:37:00] [main/DEBUG] [FML/]: Instantiating coremod class FMLPlugin
[16:37:00] [main/TRACE] [FML/]: coremod named Inventory Tweaks Coremod is loading
[16:37:00] [main/WARN] [FML/]: The coremod invtweaks.forge.asm.FMLPlugin does not have a MCVersion annotation, it may cause issues with this version of Minecraft
[16:37:00] [main/DEBUG] [FML/]: Found signing certificates for coremod Inventory Tweaks Coremod (invtweaks.forge.asm.FMLPlugin)
[16:37:00] [main/DEBUG] [FML/]: Found certificate 55d2cd4f5f0961410bf7b91ef6c6bf00a766dcbe
[16:37:00] [main/DEBUG] [FML/]: Added access transformer class invtweaks.forge.asm.ITAccessTransformer to enqueued access transformers
[16:37:00] [main/DEBUG] [FML/]: Enqueued coremod Inventory Tweaks Coremod
[16:37:00] [main/DEBUG] [FML/]: Examining for coremod candidacy jei_1.12.2-4.8.5.147.jar
[16:37:00] [main/DEBUG] [FML/]: Not found coremod data in jei_1.12.2-4.8.5.147.jar
[16:37:00] [main/DEBUG] [FML/]: Examining for coremod candidacy Tree-Chopper-Mod-1.12.2.jar
[16:37:00] [main/DEBUG] [FML/]: Not found coremod data in Tree-Chopper-Mod-1.12.2.jar
[16:37:00] [main/INFO] [LaunchWrapper/]: Loading tweak class name net.minecraftforge.fml.common.launcher.FMLInjectionAndSortingTweaker
[16:37:00] [main/INFO] [LaunchWrapper/]: Loading tweak class name net.minecraftforge.fml.common.launcher.FMLDeobfTweaker
[16:37:00] [main/INFO] [LaunchWrapper/]: Calling tweak class net.minecraftforge.fml.common.launcher.FMLInjectionAndSortingTweaker
[16:37:00] [main/INFO] [LaunchWrapper/]: Calling tweak class net.minecraftforge.fml.common.launcher.FMLInjectionAndSortingTweaker
[16:37:00] [main/INFO] [LaunchWrapper/]: Calling tweak class net.minecraftforge.fml.relauncher.CoreModManager$FMLPluginWrapper
[16:37:00] [main/DEBUG] [FML/]: Injecting coremod FMLCorePlugin \{net.minecraftforge.fml.relauncher.FMLCorePlugin\} class transformers
[16:37:00] [main/TRACE] [FML/]: Registering transformer net.minecraftforge.fml.common.asm.transformers.BlamingTransformer
[16:37:00] [main/TRACE] [FML/]: Registering transformer net.minecraftforge.fml.common.asm.transformers.SideTransformer
[16:37:01] [main/TRACE] [FML/]: Registering transformer net.minecraftforge.fml.common.asm.transformers.EventSubscriptionTransformer
[16:37:01] [main/TRACE] [FML/]: Registering transformer net.minecraftforge.fml.common.asm.transformers.EventSubscriberTransformer
[16:37:01] [main/DEBUG] [FML/]: Injection complete
[16:37:01] [main/DEBUG] [FML/]: Running coremod plugin for FMLCorePlugin \{net.minecraftforge.fml.relauncher.FMLCorePlugin\}
[16:37:01] [main/DEBUG] [FML/]: Running coremod plugin FMLCorePlugin
[16:37:02] [main/DEBUG] [FML/]: Injecting tracing printstreams for STDOUT/STDERR.
[16:37:02] [main/DEBUG] [FML/]: Read 1056 binary patches
[16:37:02] [main/DEBUG] [FML/]: Loading deobfuscation resource /deobfuscation_data-1.12.2.lzma with 36083 records
[16:37:02] [main/INFO] [FML/]: Found valid fingerprint for Minecraft Forge. Certificate fingerprint e3c3d50c7c986df74c645c0ac54639741c90a557
[16:37:02] [main/DEBUG] [FML/]: Coremod plugin class FMLCorePlugin run successfully
[16:37:02] [main/INFO] [LaunchWrapper/]: Calling tweak class net.minecraftforge.fml.relauncher.CoreModManager$FMLPluginWrapper
[16:37:02] [main/DEBUG] [FML/]: Injecting coremod FMLForgePlugin \{net.minecraftforge.classloading.FMLForgePlugin\} class transformers
[16:37:02] [main/DEBUG] [FML/]: Injection complete
[16:37:02] [main/DEBUG] [FML/]: Running coremod plugin for FMLForgePlugin \{net.minecraftforge.classloading.FMLForgePlugin\}
[16:37:02] [main/DEBUG] [FML/]: Running coremod plugin FMLForgePlugin
[16:37:02] [main/DEBUG] [FML/]: Coremod plugin class FMLForgePlugin run successfully
[16:37:02] [main/INFO] [LaunchWrapper/]: Calling tweak class net.minecraftforge.fml.common.launcher.FMLDeobfTweaker
[16:37:02] [main/DEBUG] [FML/]: Loaded 209 rules from AccessTransformer config file forge_at.cfg
[16:37:02] [main/DEBUG] [FML/]: Loaded 12 rules from AccessTransformer config file invtweaks_at.cfg
[16:37:02] [main/DEBUG] [FML/]: Loaded 45 rules from AccessTransformer mod jar file C:\Users\Marvin\Documents\GitHub\MinecraftServer_Forge\Server\mods\CodeChickenLib-1.12.2.jar!META-INF/ccl_at.cfg

[16:37:02] [main/DEBUG] [FML/]: Loaded 2 rules from AccessTransformer mod jar file C:\Users\Marvin\Documents\GitHub\MinecraftServer_Forge\Server\mods\appliedenergistics2-rv5-stable-8.jar!META-INF/appeng_at.cfg

[16:37:02] [main/DEBUG] [FML/]: Loaded 1 rules from AccessTransformer mod jar file C:\Users\Marvin\Documents\GitHub\MinecraftServer_Forge\Server\mods\EnderStorage-1.12.jar!META-INF/es_at.cfg

[16:37:02] [main/DEBUG] [FML/]: Loaded 2 rules from AccessTransformer mod jar file C:\Users\Marvin\Documents\GitHub\MinecraftServer_Forge\Server\mods\jei_1.12.2-4.8.5.147.jar!META-INF/jei_at.cfg

[16:37:02] [main/DEBUG] [FML/]: Validating minecraft
[16:37:03] [main/DEBUG] [FML/]: Minecraft validated, launching...
[16:37:03] [main/INFO] [LaunchWrapper/]: Calling tweak class net.minecraftforge.fml.relauncher.CoreModManager$FMLPluginWrapper
[16:37:03] [main/DEBUG] [FML/]: Injecting coremod Inventory Tweaks Coremod \{invtweaks.forge.asm.FMLPlugin\} class transformers
[16:37:03] [main/TRACE] [FML/]: Registering transformer invtweaks.forge.asm.ContainerTransformer
[16:37:03] [main/DEBUG] [FML/]: Injection complete
[16:37:03] [main/DEBUG] [FML/]: Running coremod plugin for Inventory Tweaks Coremod \{invtweaks.forge.asm.FMLPlugin\}
[16:37:03] [main/DEBUG] [FML/]: Running coremod plugin Inventory Tweaks Coremod
[16:37:03] [main/DEBUG] [FML/]: Coremod plugin class FMLPlugin run successfully
[16:37:03] [main/INFO] [LaunchWrapper/]: Loading tweak class name net.minecraftforge.fml.common.launcher.TerminalTweaker
[16:37:03] [main/INFO] [LaunchWrapper/]: Calling tweak class net.minecraftforge.fml.common.launcher.TerminalTweaker
[16:37:03] [main/INFO] [LaunchWrapper/]: Launching wrapped minecraft {net.minecraft.server.MinecraftServer}
[16:37:07] [main/DEBUG] [FML/]: Creating vanilla freeze snapshot
[16:37:07] [main/DEBUG] [FML/]: Vanilla freeze snapshot created
