[11:54:45] [Server thread/INFO]: Starting minecraft server version 1.12.2
[11:54:45] [Server console handler/ERROR]: Exception handling console input
java.io.IOException: Das Handle ist ungültig
	at java.io.FileInputStream.readBytes(Native Method) ~[?:1.8.0_151]
	at java.io.FileInputStream.read(Unknown Source) ~[?:1.8.0_151]
	at java.io.BufferedInputStream.read1(Unknown Source) ~[?:1.8.0_151]
	at java.io.BufferedInputStream.read(Unknown Source) ~[?:1.8.0_151]
	at sun.nio.cs.StreamDecoder.readBytes(Unknown Source) ~[?:1.8.0_151]
	at sun.nio.cs.StreamDecoder.implRead(Unknown Source) ~[?:1.8.0_151]
	at sun.nio.cs.StreamDecoder.read(Unknown Source) ~[?:1.8.0_151]
	at java.io.InputStreamReader.read(Unknown Source) ~[?:1.8.0_151]
	at java.io.BufferedReader.fill(Unknown Source) ~[?:1.8.0_151]
	at java.io.BufferedReader.readLine(Unknown Source) ~[?:1.8.0_151]
	at java.io.BufferedReader.readLine(Unknown Source) ~[?:1.8.0_151]
	at net.minecraft.server.dedicated.DedicatedServer$2.run(DedicatedServer.java:105) [nz$2.class:?]
[11:54:56] [Server thread/INFO]: Loading properties
[11:54:56] [Server thread/INFO]: Default game type: SURVIVAL
[11:54:56] [Server thread/INFO]: Generating keypair
[11:54:56] [Server thread/INFO]: Starting Minecraft server on *:25565
[11:54:56] [Server thread/INFO]: Using default channel type
[11:55:03] [Server thread/INFO]: Preparing level "world"
[11:55:04] [Server thread/INFO]: Loaded 559 advancements
[11:55:06] [Server thread/INFO]: Preparing start region for level 0
[11:55:07] [Server thread/INFO]: Preparing spawn area: 42%
[11:55:08] [Server thread/INFO]: Done (5,957s)! For help, type "help" or "?"
[11:55:17] [User Authenticator #1/INFO]: UUID of player Leatch is 377b93ce-e63e-431c-9587-0a24cacc275e
[11:55:18] [Server thread/INFO]: Leatch[/127.0.0.1:53442] logged in with entity id 308 at (54.30747168888758, 79.0, 218.00890380971222)
[11:55:18] [Server thread/INFO]: Leatch joined the game
[12:29:46] [Server thread/INFO]: Leatch lost connection: Disconnected
[12:29:46] [Server thread/INFO]: Leatch left the game
[12:45:40] [User Authenticator #2/INFO]: UUID of player Leatch is 377b93ce-e63e-431c-9587-0a24cacc275e
[12:45:41] [Server thread/INFO]: Leatch[/127.0.0.1:54065] logged in with entity id 25076 at (54.36614653895258, 80.0, 212.22694092261173)
[12:45:41] [Server thread/INFO]: Leatch joined the game
[14:03:26] [Server thread/INFO]: Stopping the server
[14:03:26] [Server thread/INFO]: Stopping server
[14:03:26] [Server thread/INFO]: Saving players
[14:03:26] [Server thread/INFO]: Saving worlds
[14:03:26] [Server thread/INFO]: Saving chunks for level 'world'/overworld
[14:03:26] [Server thread/INFO]: Saving chunks for level 'world'/the_nether
[14:03:26] [Server thread/INFO]: Saving chunks for level 'world'/the_end
[14:03:26] [Server thread/INFO]: Saving chunks for level 'world'/Storage Cell
[14:03:26] [Server Shutdown Thread/INFO]: Stopping server
[14:03:26] [Server Shutdown Thread/INFO]: Saving players
[14:03:26] [Server Shutdown Thread/INFO]: Leatch lost connection: Server closed
[14:03:26] [Server Shutdown Thread/INFO]: Leatch left the game
[14:03:26] [Server Shutdown Thread/INFO]: Saving worlds
