[10:35:04] [main/DEBUG] [FML/]: Injecting tracing printstreams for STDOUT/STDERR.
[10:35:04] [main/INFO] [FML/]: Forge Mod Loader version 14.23.2.2611 for Minecraft 1.12.2 loading
[10:35:04] [main/INFO] [FML/]: Java is Java HotSpot(TM) 64-Bit Server VM, version 1.8.0_151, running on Windows 10:amd64:10.0, installed at C:\Program Files\Java\jre1.8.0_151
[10:35:04] [main/DEBUG] [FML/]: Java classpath at launch is:
[10:35:04] [main/DEBUG] [FML/]:     C:\Users\chris\Desktop\Minecraft-Server\MinecraftServer_Forge\forge-1.12.2-14.23.2.2611-universal.jar
[10:35:04] [main/DEBUG] [FML/]: Java library path at launch is:
[10:35:04] [main/DEBUG] [FML/]:     C:\Program Files\Java\jre1.8.0_151\bin
[10:35:04] [main/DEBUG] [FML/]:     C:\WINDOWS\Sun\Java\bin
[10:35:04] [main/DEBUG] [FML/]:     C:\WINDOWS\system32
[10:35:04] [main/DEBUG] [FML/]:     C:\WINDOWS
[10:35:04] [main/DEBUG] [FML/]:     C:\ProgramData\Oracle\Java\javapath
[10:35:04] [main/DEBUG] [FML/]:     C:\Windows\system32
[10:35:04] [main/DEBUG] [FML/]:     C:\Windows
[10:35:04] [main/DEBUG] [FML/]:     C:\Windows\System32\Wbem
[10:35:04] [main/DEBUG] [FML/]:     C:\Windows\System32\WindowsPowerShell\v1.0\
[10:35:04] [main/DEBUG] [FML/]:     C:\Program Files\Git\cmd
[10:35:04] [main/DEBUG] [FML/]:     C:\Program Files (x86)\NVIDIA Corporation\PhysX\Common
[10:35:04] [main/DEBUG] [FML/]:     C:\Program Files (x86)\GtkSharp\2.12\bin
[10:35:04] [main/DEBUG] [FML/]:     C:\Program Files\nodejs\
[10:35:04] [main/DEBUG] [FML/]:     C:\Program Files (x86)\Skype\Phone\
[10:35:04] [main/DEBUG] [FML/]:     %SystemRoot%\system32
[10:35:04] [main/DEBUG] [FML/]:     %SystemRoot%
[10:35:04] [main/DEBUG] [FML/]:     %SystemRoot%\System32\Wbem
[10:35:04] [main/DEBUG] [FML/]:     %SYSTEMROOT%\System32\WindowsPowerShell\v1.0\
[10:35:04] [main/DEBUG] [FML/]:     C:\Users\chris\AppData\Local\Microsoft\WindowsApps
[10:35:04] [main/DEBUG] [FML/]:     C:\Program Files\Microsoft VS Code\bin
[10:35:04] [main/DEBUG] [FML/]:     C:\Users\chris\AppData\Roaming\npm
[10:35:04] [main/DEBUG] [FML/]:     C:\Users\chris\AppData\Local\GitHubDesktop\bin
[10:35:04] [main/DEBUG] [FML/]:     .
[10:35:04] [main/DEBUG] [FML/]: Enabling runtime deobfuscation
[10:35:04] [main/DEBUG] [FML/]: Instantiating coremod class FMLCorePlugin
[10:35:04] [main/DEBUG] [FML/]: Found signing certificates for coremod FMLCorePlugin (net.minecraftforge.fml.relauncher.FMLCorePlugin)
[10:35:04] [main/DEBUG] [FML/]: Found certificate e3c3d50c7c986df74c645c0ac54639741c90a557
[10:35:04] [main/DEBUG] [FML/]: Added access transformer class net.minecraftforge.fml.common.asm.transformers.AccessTransformer to enqueued access transformers
[10:35:04] [main/DEBUG] [FML/]: Enqueued coremod FMLCorePlugin
[10:35:04] [main/DEBUG] [FML/]: Instantiating coremod class FMLForgePlugin
[10:35:04] [main/DEBUG] [FML/]: Found signing certificates for coremod FMLForgePlugin (net.minecraftforge.classloading.FMLForgePlugin)
[10:35:04] [main/DEBUG] [FML/]: Found certificate e3c3d50c7c986df74c645c0ac54639741c90a557
[10:35:04] [main/DEBUG] [FML/]: Enqueued coremod FMLForgePlugin
[10:35:04] [main/DEBUG] [FML/]: All fundamental core mods are successfully located
[10:35:04] [main/DEBUG] [FML/]: Attempting to load commandline specified mods, relative to C:\Users\chris\Desktop\Minecraft-Server\MinecraftServer_Forge\.
[10:35:04] [main/INFO] [FML/]: Failed to find the specified repository root C:/Users/Marvin/Desktop/moddes server/libraries
[10:35:04] [main/DEBUG] [FML/]: Discovering coremods
[10:35:04] [main/DEBUG] [FML/]: Examining for coremod candidacy BuildCraft-Mod-1.12.2.jar
[10:35:04] [main/DEBUG] [FML/]: Not found coremod data in BuildCraft-Mod-1.12.2.jar
[10:35:04] [main/DEBUG] [FML/]: Examining for coremod candidacy Tree-Chopper-Mod-1.12.2.jar
[10:35:04] [main/DEBUG] [FML/]: Not found coremod data in Tree-Chopper-Mod-1.12.2.jar
[10:35:04] [main/INFO] [LaunchWrapper/]: Loading tweak class name net.minecraftforge.fml.common.launcher.FMLInjectionAndSortingTweaker
[10:35:04] [main/INFO] [LaunchWrapper/]: Loading tweak class name net.minecraftforge.fml.common.launcher.FMLDeobfTweaker
[10:35:04] [main/INFO] [LaunchWrapper/]: Calling tweak class net.minecraftforge.fml.common.launcher.FMLInjectionAndSortingTweaker
[10:35:04] [main/INFO] [LaunchWrapper/]: Calling tweak class net.minecraftforge.fml.common.launcher.FMLInjectionAndSortingTweaker
[10:35:04] [main/INFO] [LaunchWrapper/]: Calling tweak class net.minecraftforge.fml.relauncher.CoreModManager$FMLPluginWrapper
[10:35:04] [main/DEBUG] [FML/]: Injecting coremod FMLCorePlugin \{net.minecraftforge.fml.relauncher.FMLCorePlugin\} class transformers
[10:35:04] [main/TRACE] [FML/]: Registering transformer net.minecraftforge.fml.common.asm.transformers.BlamingTransformer
[10:35:04] [main/TRACE] [FML/]: Registering transformer net.minecraftforge.fml.common.asm.transformers.SideTransformer
[10:35:04] [main/TRACE] [FML/]: Registering transformer net.minecraftforge.fml.common.asm.transformers.EventSubscriptionTransformer
[10:35:04] [main/TRACE] [FML/]: Registering transformer net.minecraftforge.fml.common.asm.transformers.EventSubscriberTransformer
[10:35:04] [main/DEBUG] [FML/]: Injection complete
[10:35:04] [main/DEBUG] [FML/]: Running coremod plugin for FMLCorePlugin \{net.minecraftforge.fml.relauncher.FMLCorePlugin\}
[10:35:04] [main/DEBUG] [FML/]: Running coremod plugin FMLCorePlugin
[10:35:05] [main/DEBUG] [FML/]: Injecting tracing printstreams for STDOUT/STDERR.
[10:35:05] [main/DEBUG] [FML/]: Read 1056 binary patches
[10:35:05] [main/DEBUG] [FML/]: Loading deobfuscation resource /deobfuscation_data-1.12.2.lzma with 36083 records
[10:35:05] [main/INFO] [FML/]: Found valid fingerprint for Minecraft Forge. Certificate fingerprint e3c3d50c7c986df74c645c0ac54639741c90a557
[10:35:05] [main/DEBUG] [FML/]: Coremod plugin class FMLCorePlugin run successfully
[10:35:05] [main/INFO] [LaunchWrapper/]: Calling tweak class net.minecraftforge.fml.relauncher.CoreModManager$FMLPluginWrapper
[10:35:05] [main/DEBUG] [FML/]: Injecting coremod FMLForgePlugin \{net.minecraftforge.classloading.FMLForgePlugin\} class transformers
[10:35:05] [main/DEBUG] [FML/]: Injection complete
[10:35:05] [main/DEBUG] [FML/]: Running coremod plugin for FMLForgePlugin \{net.minecraftforge.classloading.FMLForgePlugin\}
[10:35:05] [main/DEBUG] [FML/]: Running coremod plugin FMLForgePlugin
[10:35:05] [main/DEBUG] [FML/]: Coremod plugin class FMLForgePlugin run successfully
[10:35:05] [main/INFO] [LaunchWrapper/]: Calling tweak class net.minecraftforge.fml.common.launcher.FMLDeobfTweaker
[10:35:05] [main/DEBUG] [FML/]: Loaded 209 rules from AccessTransformer config file forge_at.cfg
[10:35:05] [main/DEBUG] [FML/]: Validating minecraft
[10:35:05] [main/DEBUG] [FML/]: Minecraft validated, launching...
[10:35:05] [main/INFO] [LaunchWrapper/]: Loading tweak class name net.minecraftforge.fml.common.launcher.TerminalTweaker
[10:35:05] [main/INFO] [LaunchWrapper/]: Calling tweak class net.minecraftforge.fml.common.launcher.TerminalTweaker
[10:35:06] [main/INFO] [LaunchWrapper/]: Launching wrapped minecraft {net.minecraft.server.MinecraftServer}
[10:35:08] [main/DEBUG] [FML/]: Creating vanilla freeze snapshot
[10:35:08] [main/DEBUG] [FML/]: Vanilla freeze snapshot created
