[23:13:10] [main/DEBUG] [FML/]: Injecting tracing printstreams for STDOUT/STDERR.
[23:13:10] [main/INFO] [FML/]: Forge Mod Loader version 14.23.2.2611 for Minecraft 1.12.2 loading
[23:13:10] [main/INFO] [FML/]: Java is Java HotSpot(TM) 64-Bit Server VM, version 1.8.0_151, running on Windows 10:amd64:10.0, installed at C:\Program Files\Java\jre1.8.0_151
[23:13:10] [main/DEBUG] [FML/]: Java classpath at launch is:
[23:13:10] [main/DEBUG] [FML/]:     C:\Users\chris\Desktop\Minecraft-Server\MinecraftServer_Forge\forge-1.12.2-14.23.2.2611-universal.jar
[23:13:10] [main/DEBUG] [FML/]: Java library path at launch is:
[23:13:10] [main/DEBUG] [FML/]:     C:\Program Files\Java\jre1.8.0_151\bin
[23:13:10] [main/DEBUG] [FML/]:     C:\WINDOWS\Sun\Java\bin
[23:13:10] [main/DEBUG] [FML/]:     C:\WINDOWS\system32
[23:13:10] [main/DEBUG] [FML/]:     C:\WINDOWS
[23:13:10] [main/DEBUG] [FML/]:     C:\ProgramData\Oracle\Java\javapath
[23:13:10] [main/DEBUG] [FML/]:     C:\Windows\system32
[23:13:10] [main/DEBUG] [FML/]:     C:\Windows
[23:13:10] [main/DEBUG] [FML/]:     C:\Windows\System32\Wbem
[23:13:10] [main/DEBUG] [FML/]:     C:\Windows\System32\WindowsPowerShell\v1.0\
[23:13:10] [main/DEBUG] [FML/]:     C:\Program Files\Git\cmd
[23:13:10] [main/DEBUG] [FML/]:     C:\Program Files (x86)\NVIDIA Corporation\PhysX\Common
[23:13:10] [main/DEBUG] [FML/]:     C:\Program Files (x86)\GtkSharp\2.12\bin
[23:13:10] [main/DEBUG] [FML/]:     C:\Program Files\nodejs\
[23:13:10] [main/DEBUG] [FML/]:     C:\Program Files (x86)\Skype\Phone\
[23:13:10] [main/DEBUG] [FML/]:     %SystemRoot%\system32
[23:13:10] [main/DEBUG] [FML/]:     %SystemRoot%
[23:13:10] [main/DEBUG] [FML/]:     %SystemRoot%\System32\Wbem
[23:13:10] [main/DEBUG] [FML/]:     %SYSTEMROOT%\System32\WindowsPowerShell\v1.0\
[23:13:10] [main/DEBUG] [FML/]:     C:\Users\chris\AppData\Local\Microsoft\WindowsApps
[23:13:10] [main/DEBUG] [FML/]:     C:\Program Files\Microsoft VS Code\bin
[23:13:10] [main/DEBUG] [FML/]:     C:\Users\chris\AppData\Roaming\npm
[23:13:10] [main/DEBUG] [FML/]:     C:\Users\chris\AppData\Local\GitHubDesktop\bin
[23:13:10] [main/DEBUG] [FML/]:     .
[23:13:10] [main/DEBUG] [FML/]: Enabling runtime deobfuscation
[23:13:10] [main/DEBUG] [FML/]: Instantiating coremod class FMLCorePlugin
[23:13:10] [main/DEBUG] [FML/]: Found signing certificates for coremod FMLCorePlugin (net.minecraftforge.fml.relauncher.FMLCorePlugin)
[23:13:10] [main/DEBUG] [FML/]: Found certificate e3c3d50c7c986df74c645c0ac54639741c90a557
[23:13:10] [main/DEBUG] [FML/]: Added access transformer class net.minecraftforge.fml.common.asm.transformers.AccessTransformer to enqueued access transformers
[23:13:10] [main/DEBUG] [FML/]: Enqueued coremod FMLCorePlugin
[23:13:10] [main/DEBUG] [FML/]: Instantiating coremod class FMLForgePlugin
[23:13:10] [main/DEBUG] [FML/]: Found signing certificates for coremod FMLForgePlugin (net.minecraftforge.classloading.FMLForgePlugin)
[23:13:10] [main/DEBUG] [FML/]: Found certificate e3c3d50c7c986df74c645c0ac54639741c90a557
[23:13:10] [main/DEBUG] [FML/]: Enqueued coremod FMLForgePlugin
[23:13:10] [main/DEBUG] [FML/]: All fundamental core mods are successfully located
[23:13:10] [main/DEBUG] [FML/]: Attempting to load commandline specified mods, relative to C:\Users\chris\Desktop\Minecraft-Server\MinecraftServer_Forge\.
[23:13:10] [main/INFO] [FML/]: Failed to find the specified repository root C:/Users/Marvin/Desktop/moddes server/libraries
[23:13:10] [main/DEBUG] [FML/]: Discovering coremods
[23:13:10] [main/DEBUG] [FML/]: Examining for coremod candidacy appliedenergistics2-rv5-stable-8.jar
[23:13:10] [main/DEBUG] [FML/]: Not found coremod data in appliedenergistics2-rv5-stable-8.jar
[23:13:10] [main/DEBUG] [FML/]: Examining for coremod candidacy BuildCraft-Mod-1.12.2.jar
[23:13:10] [main/DEBUG] [FML/]: Not found coremod data in BuildCraft-Mod-1.12.2.jar
[23:13:10] [main/DEBUG] [FML/]: Examining for coremod candidacy CodeChickenLib-1.12.2.jar
[23:13:10] [main/DEBUG] [FML/]: Not found coremod data in CodeChickenLib-1.12.2.jar
[23:13:10] [main/DEBUG] [FML/]: Examining for coremod candidacy Doomlike-Dungeons-Mod-1.12.2.jar
[23:13:10] [main/DEBUG] [FML/]: Not found coremod data in Doomlike-Dungeons-Mod-1.12.2.jar
[23:13:10] [main/DEBUG] [FML/]: Examining for coremod candidacy EnderStorage-1.12.jar
[23:13:10] [main/DEBUG] [FML/]: Not found coremod data in EnderStorage-1.12.jar
[23:13:10] [main/DEBUG] [FML/]: Examining for coremod candidacy Industrial-Craft-2-Mod-Experimental-1.12.1.jar
[23:13:10] [main/DEBUG] [FML/]: Not found coremod data in Industrial-Craft-2-Mod-Experimental-1.12.1.jar
[23:13:10] [main/DEBUG] [FML/]: Examining for coremod candidacy Inventory-Tweaks-Mod-1.12.2.jar
[23:13:10] [main/WARN] [FML/]: Found FMLCorePluginContainsFMLMod marker in Inventory-Tweaks-Mod-1.12.2.jar. This is not recommended, @Mods should be in a separate jar from the coremod.
[23:13:10] [main/DEBUG] [FML/]: Instantiating coremod class FMLPlugin
[23:13:10] [main/TRACE] [FML/]: coremod named Inventory Tweaks Coremod is loading
[23:13:10] [main/WARN] [FML/]: The coremod invtweaks.forge.asm.FMLPlugin does not have a MCVersion annotation, it may cause issues with this version of Minecraft
[23:13:10] [main/DEBUG] [FML/]: Found signing certificates for coremod Inventory Tweaks Coremod (invtweaks.forge.asm.FMLPlugin)
[23:13:10] [main/DEBUG] [FML/]: Found certificate 55d2cd4f5f0961410bf7b91ef6c6bf00a766dcbe
[23:13:10] [main/DEBUG] [FML/]: Added access transformer class invtweaks.forge.asm.ITAccessTransformer to enqueued access transformers
[23:13:10] [main/DEBUG] [FML/]: Enqueued coremod Inventory Tweaks Coremod
[23:13:10] [main/DEBUG] [FML/]: Examining for coremod candidacy Tree-Chopper-Mod-1.12.2.jar
[23:13:10] [main/DEBUG] [FML/]: Not found coremod data in Tree-Chopper-Mod-1.12.2.jar
[23:13:10] [main/INFO] [LaunchWrapper/]: Loading tweak class name net.minecraftforge.fml.common.launcher.FMLInjectionAndSortingTweaker
[23:13:10] [main/INFO] [LaunchWrapper/]: Loading tweak class name net.minecraftforge.fml.common.launcher.FMLDeobfTweaker
[23:13:10] [main/INFO] [LaunchWrapper/]: Calling tweak class net.minecraftforge.fml.common.launcher.FMLInjectionAndSortingTweaker
[23:13:10] [main/INFO] [LaunchWrapper/]: Calling tweak class net.minecraftforge.fml.common.launcher.FMLInjectionAndSortingTweaker
[23:13:10] [main/INFO] [LaunchWrapper/]: Calling tweak class net.minecraftforge.fml.relauncher.CoreModManager$FMLPluginWrapper
[23:13:10] [main/DEBUG] [FML/]: Injecting coremod FMLCorePlugin \{net.minecraftforge.fml.relauncher.FMLCorePlugin\} class transformers
[23:13:10] [main/TRACE] [FML/]: Registering transformer net.minecraftforge.fml.common.asm.transformers.BlamingTransformer
[23:13:10] [main/TRACE] [FML/]: Registering transformer net.minecraftforge.fml.common.asm.transformers.SideTransformer
[23:13:10] [main/TRACE] [FML/]: Registering transformer net.minecraftforge.fml.common.asm.transformers.EventSubscriptionTransformer
[23:13:10] [main/TRACE] [FML/]: Registering transformer net.minecraftforge.fml.common.asm.transformers.EventSubscriberTransformer
[23:13:10] [main/DEBUG] [FML/]: Injection complete
[23:13:10] [main/DEBUG] [FML/]: Running coremod plugin for FMLCorePlugin \{net.minecraftforge.fml.relauncher.FMLCorePlugin\}
[23:13:10] [main/DEBUG] [FML/]: Running coremod plugin FMLCorePlugin
[23:13:11] [main/DEBUG] [FML/]: Injecting tracing printstreams for STDOUT/STDERR.
[23:13:11] [main/DEBUG] [FML/]: Read 1056 binary patches
[23:13:11] [main/DEBUG] [FML/]: Loading deobfuscation resource /deobfuscation_data-1.12.2.lzma with 36083 records
[23:13:11] [main/INFO] [FML/]: Found valid fingerprint for Minecraft Forge. Certificate fingerprint e3c3d50c7c986df74c645c0ac54639741c90a557
[23:13:11] [main/DEBUG] [FML/]: Coremod plugin class FMLCorePlugin run successfully
[23:13:11] [main/INFO] [LaunchWrapper/]: Calling tweak class net.minecraftforge.fml.relauncher.CoreModManager$FMLPluginWrapper
[23:13:11] [main/DEBUG] [FML/]: Injecting coremod FMLForgePlugin \{net.minecraftforge.classloading.FMLForgePlugin\} class transformers
[23:13:11] [main/DEBUG] [FML/]: Injection complete
[23:13:11] [main/DEBUG] [FML/]: Running coremod plugin for FMLForgePlugin \{net.minecraftforge.classloading.FMLForgePlugin\}
[23:13:11] [main/DEBUG] [FML/]: Running coremod plugin FMLForgePlugin
[23:13:11] [main/DEBUG] [FML/]: Coremod plugin class FMLForgePlugin run successfully
[23:13:11] [main/INFO] [LaunchWrapper/]: Calling tweak class net.minecraftforge.fml.common.launcher.FMLDeobfTweaker
[23:13:11] [main/DEBUG] [FML/]: Loaded 209 rules from AccessTransformer config file forge_at.cfg
[23:13:11] [main/DEBUG] [FML/]: Loaded 12 rules from AccessTransformer config file invtweaks_at.cfg
[23:13:11] [main/DEBUG] [FML/]: Loaded 1 rules from AccessTransformer mod jar file C:\Users\chris\Desktop\Minecraft-Server\MinecraftServer_Forge\mods\EnderStorage-1.12.jar!META-INF/es_at.cfg

[23:13:11] [main/DEBUG] [FML/]: Loaded 45 rules from AccessTransformer mod jar file C:\Users\chris\Desktop\Minecraft-Server\MinecraftServer_Forge\mods\CodeChickenLib-1.12.2.jar!META-INF/ccl_at.cfg

[23:13:11] [main/DEBUG] [FML/]: Loaded 2 rules from AccessTransformer mod jar file C:\Users\chris\Desktop\Minecraft-Server\MinecraftServer_Forge\mods\appliedenergistics2-rv5-stable-8.jar!META-INF/appeng_at.cfg

[23:13:11] [main/DEBUG] [FML/]: Validating minecraft
[23:13:12] [main/DEBUG] [FML/]: Minecraft validated, launching...
[23:13:12] [main/INFO] [LaunchWrapper/]: Calling tweak class net.minecraftforge.fml.relauncher.CoreModManager$FMLPluginWrapper
[23:13:12] [main/DEBUG] [FML/]: Injecting coremod Inventory Tweaks Coremod \{invtweaks.forge.asm.FMLPlugin\} class transformers
[23:13:12] [main/TRACE] [FML/]: Registering transformer invtweaks.forge.asm.ContainerTransformer
[23:13:12] [main/DEBUG] [FML/]: Injection complete
[23:13:12] [main/DEBUG] [FML/]: Running coremod plugin for Inventory Tweaks Coremod \{invtweaks.forge.asm.FMLPlugin\}
[23:13:12] [main/DEBUG] [FML/]: Running coremod plugin Inventory Tweaks Coremod
[23:13:12] [main/DEBUG] [FML/]: Coremod plugin class FMLPlugin run successfully
[23:13:12] [main/INFO] [LaunchWrapper/]: Loading tweak class name net.minecraftforge.fml.common.launcher.TerminalTweaker
[23:13:12] [main/INFO] [LaunchWrapper/]: Calling tweak class net.minecraftforge.fml.common.launcher.TerminalTweaker
[23:13:12] [main/INFO] [LaunchWrapper/]: Launching wrapped minecraft {net.minecraft.server.MinecraftServer}
[23:13:14] [main/DEBUG] [FML/]: Creating vanilla freeze snapshot
[23:13:14] [main/DEBUG] [FML/]: Vanilla freeze snapshot created
