[20:37:24] [main/DEBUG] [FML/]: Injecting tracing printstreams for STDOUT/STDERR.
[20:37:24] [main/INFO] [FML/]: Forge Mod Loader version 14.23.2.2611 for Minecraft 1.12.2 loading
[20:37:24] [main/INFO] [FML/]: Java is Java HotSpot(TM) 64-Bit Server VM, version 1.8.0_161, running on Windows 10:amd64:10.0, installed at C:\Program Files\Java\jre1.8.0_161
[20:37:24] [main/DEBUG] [FML/]: Java classpath at launch is:
[20:37:24] [main/DEBUG] [FML/]:     C:\Users\Marvin\Desktop\moddes server\forge-1.12.2-14.23.2.2611-universal.jar
[20:37:24] [main/DEBUG] [FML/]: Java library path at launch is:
[20:37:24] [main/DEBUG] [FML/]:     C:\Program Files\Java\jre1.8.0_161\bin
[20:37:24] [main/DEBUG] [FML/]:     C:\Windows\Sun\Java\bin
[20:37:24] [main/DEBUG] [FML/]:     C:\Windows\system32
[20:37:24] [main/DEBUG] [FML/]:     C:\Windows
[20:37:24] [main/DEBUG] [FML/]:     C:\ProgramData\Oracle\Java\javapath
[20:37:24] [main/DEBUG] [FML/]:     C:\Windows\system32
[20:37:24] [main/DEBUG] [FML/]:     C:\Windows
[20:37:24] [main/DEBUG] [FML/]:     C:\Windows\System32\Wbem
[20:37:24] [main/DEBUG] [FML/]:     C:\Windows\System32\WindowsPowerShell\v1.0\
[20:37:24] [main/DEBUG] [FML/]:     C:\Program Files (x86)\NVIDIA Corporation\PhysX\Common
[20:37:24] [main/DEBUG] [FML/]:     C:\Program Files (x86)\Windows Live\Shared
[20:37:24] [main/DEBUG] [FML/]:     C:\Program Files (x86)\Skype\Phone\
[20:37:24] [main/DEBUG] [FML/]:     C:\Users\Marvin\AppData\Local\Microsoft\WindowsApps
[20:37:24] [main/DEBUG] [FML/]:     C:\Users\Marvin\AppData\Local\GitHubDesktop\bin
[20:37:24] [main/DEBUG] [FML/]:     .
[20:37:24] [main/DEBUG] [FML/]: Enabling runtime deobfuscation
[20:37:24] [main/DEBUG] [FML/]: Instantiating coremod class FMLCorePlugin
[20:37:24] [main/DEBUG] [FML/]: Found signing certificates for coremod FMLCorePlugin (net.minecraftforge.fml.relauncher.FMLCorePlugin)
[20:37:24] [main/DEBUG] [FML/]: Found certificate e3c3d50c7c986df74c645c0ac54639741c90a557
[20:37:24] [main/DEBUG] [FML/]: Added access transformer class net.minecraftforge.fml.common.asm.transformers.AccessTransformer to enqueued access transformers
[20:37:24] [main/DEBUG] [FML/]: Enqueued coremod FMLCorePlugin
[20:37:24] [main/DEBUG] [FML/]: Instantiating coremod class FMLForgePlugin
[20:37:24] [main/DEBUG] [FML/]: Found signing certificates for coremod FMLForgePlugin (net.minecraftforge.classloading.FMLForgePlugin)
[20:37:24] [main/DEBUG] [FML/]: Found certificate e3c3d50c7c986df74c645c0ac54639741c90a557
[20:37:24] [main/DEBUG] [FML/]: Enqueued coremod FMLForgePlugin
[20:37:24] [main/DEBUG] [FML/]: All fundamental core mods are successfully located
[20:37:24] [main/DEBUG] [FML/]: Attempting to load commandline specified mods, relative to C:\Users\Marvin\Desktop\moddes server\.
[20:37:24] [main/DEBUG] [FML/]: Adding net.minecraftforge:MercuriusUpdater (C:\Users\Marvin\Desktop\moddes server\libraries\net\minecraftforge\MercuriusUpdater\1.12.2\MercuriusUpdater-1.12.2.jar) to the mod list
[20:37:24] [main/DEBUG] [FML/]: Discovering coremods
[20:37:24] [main/DEBUG] [FML/]: Examining for coremod candidacy MercuriusUpdater-1.12.2.jar
[20:37:24] [main/DEBUG] [FML/]: Not found coremod data in MercuriusUpdater-1.12.2.jar
[20:37:24] [main/DEBUG] [FML/]: Examining for coremod candidacy Tree-Chopper-Mod-1.12.2.jar
[20:37:24] [main/DEBUG] [FML/]: Not found coremod data in Tree-Chopper-Mod-1.12.2.jar
[20:37:24] [main/INFO] [LaunchWrapper/]: Loading tweak class name net.minecraftforge.fml.common.launcher.FMLInjectionAndSortingTweaker
[20:37:24] [main/INFO] [LaunchWrapper/]: Loading tweak class name net.minecraftforge.fml.common.launcher.FMLDeobfTweaker
[20:37:24] [main/INFO] [LaunchWrapper/]: Calling tweak class net.minecraftforge.fml.common.launcher.FMLInjectionAndSortingTweaker
[20:37:24] [main/INFO] [LaunchWrapper/]: Calling tweak class net.minecraftforge.fml.common.launcher.FMLInjectionAndSortingTweaker
[20:37:24] [main/INFO] [LaunchWrapper/]: Calling tweak class net.minecraftforge.fml.relauncher.CoreModManager$FMLPluginWrapper
[20:37:24] [main/DEBUG] [FML/]: Injecting coremod FMLCorePlugin \{net.minecraftforge.fml.relauncher.FMLCorePlugin\} class transformers
[20:37:24] [main/TRACE] [FML/]: Registering transformer net.minecraftforge.fml.common.asm.transformers.BlamingTransformer
[20:37:24] [main/TRACE] [FML/]: Registering transformer net.minecraftforge.fml.common.asm.transformers.SideTransformer
[20:37:24] [main/TRACE] [FML/]: Registering transformer net.minecraftforge.fml.common.asm.transformers.EventSubscriptionTransformer
[20:37:24] [main/TRACE] [FML/]: Registering transformer net.minecraftforge.fml.common.asm.transformers.EventSubscriberTransformer
[20:37:24] [main/DEBUG] [FML/]: Injection complete
[20:37:24] [main/DEBUG] [FML/]: Running coremod plugin for FMLCorePlugin \{net.minecraftforge.fml.relauncher.FMLCorePlugin\}
[20:37:24] [main/DEBUG] [FML/]: Running coremod plugin FMLCorePlugin
[20:37:25] [main/DEBUG] [FML/]: Injecting tracing printstreams for STDOUT/STDERR.
[20:37:25] [main/DEBUG] [FML/]: Read 1056 binary patches
[20:37:26] [main/DEBUG] [FML/]: Loading deobfuscation resource /deobfuscation_data-1.12.2.lzma with 36083 records
[20:37:26] [main/INFO] [FML/]: Found valid fingerprint for Minecraft Forge. Certificate fingerprint e3c3d50c7c986df74c645c0ac54639741c90a557
[20:37:26] [main/DEBUG] [FML/]: Coremod plugin class FMLCorePlugin run successfully
[20:37:26] [main/INFO] [LaunchWrapper/]: Calling tweak class net.minecraftforge.fml.relauncher.CoreModManager$FMLPluginWrapper
[20:37:26] [main/DEBUG] [FML/]: Injecting coremod FMLForgePlugin \{net.minecraftforge.classloading.FMLForgePlugin\} class transformers
[20:37:26] [main/DEBUG] [FML/]: Injection complete
[20:37:26] [main/DEBUG] [FML/]: Running coremod plugin for FMLForgePlugin \{net.minecraftforge.classloading.FMLForgePlugin\}
[20:37:26] [main/DEBUG] [FML/]: Running coremod plugin FMLForgePlugin
[20:37:26] [main/DEBUG] [FML/]: Coremod plugin class FMLForgePlugin run successfully
[20:37:26] [main/INFO] [LaunchWrapper/]: Calling tweak class net.minecraftforge.fml.common.launcher.FMLDeobfTweaker
[20:37:26] [main/DEBUG] [FML/]: Loaded 209 rules from AccessTransformer config file forge_at.cfg
[20:37:26] [main/DEBUG] [FML/]: Validating minecraft
[20:37:27] [main/DEBUG] [FML/]: Minecraft validated, launching...
[20:37:27] [main/INFO] [LaunchWrapper/]: Loading tweak class name net.minecraftforge.fml.common.launcher.TerminalTweaker
[20:37:27] [main/INFO] [LaunchWrapper/]: Calling tweak class net.minecraftforge.fml.common.launcher.TerminalTweaker
[20:37:27] [main/INFO] [LaunchWrapper/]: Launching wrapped minecraft {net.minecraft.server.MinecraftServer}
[20:37:31] [main/DEBUG] [FML/]: Creating vanilla freeze snapshot
[20:37:31] [main/DEBUG] [FML/]: Vanilla freeze snapshot created
