[11:28:44] [main/DEBUG] [FML/]: Injecting tracing printstreams for STDOUT/STDERR.
[11:28:44] [main/INFO] [FML/]: Forge Mod Loader version 14.23.2.2611 for Minecraft 1.12.2 loading
[11:28:44] [main/INFO] [FML/]: Java is Java HotSpot(TM) 64-Bit Server VM, version 1.8.0_161, running on Windows 10:amd64:10.0, installed at C:\Program Files\Java\jre1.8.0_161
[11:28:44] [main/DEBUG] [FML/]: Java classpath at launch is:
[11:28:44] [main/DEBUG] [FML/]:     C:\Users\Marvin\Documents\GitHub\MinecraftServer_Forge\forge-1.12.2-14.23.2.2611-universal.jar
[11:28:44] [main/DEBUG] [FML/]: Java library path at launch is:
[11:28:44] [main/DEBUG] [FML/]:     C:\Program Files\Java\jre1.8.0_161\bin
[11:28:44] [main/DEBUG] [FML/]:     C:\Windows\Sun\Java\bin
[11:28:44] [main/DEBUG] [FML/]:     C:\Windows\system32
[11:28:44] [main/DEBUG] [FML/]:     C:\Windows
[11:28:44] [main/DEBUG] [FML/]:     C:\ProgramData\Oracle\Java\javapath
[11:28:44] [main/DEBUG] [FML/]:     C:\Windows\system32
[11:28:44] [main/DEBUG] [FML/]:     C:\Windows
[11:28:44] [main/DEBUG] [FML/]:     C:\Windows\System32\Wbem
[11:28:44] [main/DEBUG] [FML/]:     C:\Windows\System32\WindowsPowerShell\v1.0\
[11:28:44] [main/DEBUG] [FML/]:     C:\Program Files (x86)\NVIDIA Corporation\PhysX\Common
[11:28:44] [main/DEBUG] [FML/]:     C:\Program Files (x86)\Windows Live\Shared
[11:28:44] [main/DEBUG] [FML/]:     C:\Program Files (x86)\Skype\Phone\
[11:28:44] [main/DEBUG] [FML/]:     C:\Users\Marvin\AppData\Local\Microsoft\WindowsApps
[11:28:44] [main/DEBUG] [FML/]:     C:\Users\Marvin\AppData\Local\GitHubDesktop\bin
[11:28:44] [main/DEBUG] [FML/]:     .
[11:28:44] [main/DEBUG] [FML/]: Enabling runtime deobfuscation
[11:28:44] [main/DEBUG] [FML/]: Instantiating coremod class FMLCorePlugin
[11:28:44] [main/DEBUG] [FML/]: Found signing certificates for coremod FMLCorePlugin (net.minecraftforge.fml.relauncher.FMLCorePlugin)
[11:28:44] [main/DEBUG] [FML/]: Found certificate e3c3d50c7c986df74c645c0ac54639741c90a557
[11:28:44] [main/DEBUG] [FML/]: Added access transformer class net.minecraftforge.fml.common.asm.transformers.AccessTransformer to enqueued access transformers
[11:28:44] [main/DEBUG] [FML/]: Enqueued coremod FMLCorePlugin
[11:28:44] [main/DEBUG] [FML/]: Instantiating coremod class FMLForgePlugin
[11:28:44] [main/DEBUG] [FML/]: Found signing certificates for coremod FMLForgePlugin (net.minecraftforge.classloading.FMLForgePlugin)
[11:28:44] [main/DEBUG] [FML/]: Found certificate e3c3d50c7c986df74c645c0ac54639741c90a557
[11:28:44] [main/DEBUG] [FML/]: Enqueued coremod FMLForgePlugin
[11:28:44] [main/DEBUG] [FML/]: All fundamental core mods are successfully located
[11:28:44] [main/DEBUG] [FML/]: Attempting to load commandline specified mods, relative to C:\Users\Marvin\Documents\GitHub\MinecraftServer_Forge\.
[11:28:45] [main/INFO] [FML/]: Failed to find the specified repository root C:/Users/Marvin/Desktop/moddes server/libraries
[11:28:45] [main/DEBUG] [FML/]: Discovering coremods
[11:28:45] [main/DEBUG] [FML/]: Examining for coremod candidacy BuildCraft-Mod-1.12.2.jar
[11:28:45] [main/DEBUG] [FML/]: Not found coremod data in BuildCraft-Mod-1.12.2.jar
[11:28:45] [main/DEBUG] [FML/]: Examining for coremod candidacy Tree-Chopper-Mod-1.12.2.jar
[11:28:45] [main/DEBUG] [FML/]: Not found coremod data in Tree-Chopper-Mod-1.12.2.jar
[11:28:45] [main/INFO] [LaunchWrapper/]: Loading tweak class name net.minecraftforge.fml.common.launcher.FMLInjectionAndSortingTweaker
[11:28:45] [main/INFO] [LaunchWrapper/]: Loading tweak class name net.minecraftforge.fml.common.launcher.FMLDeobfTweaker
[11:28:45] [main/INFO] [LaunchWrapper/]: Calling tweak class net.minecraftforge.fml.common.launcher.FMLInjectionAndSortingTweaker
[11:28:45] [main/INFO] [LaunchWrapper/]: Calling tweak class net.minecraftforge.fml.common.launcher.FMLInjectionAndSortingTweaker
[11:28:45] [main/INFO] [LaunchWrapper/]: Calling tweak class net.minecraftforge.fml.relauncher.CoreModManager$FMLPluginWrapper
[11:28:45] [main/DEBUG] [FML/]: Injecting coremod FMLCorePlugin \{net.minecraftforge.fml.relauncher.FMLCorePlugin\} class transformers
[11:28:45] [main/TRACE] [FML/]: Registering transformer net.minecraftforge.fml.common.asm.transformers.BlamingTransformer
[11:28:45] [main/TRACE] [FML/]: Registering transformer net.minecraftforge.fml.common.asm.transformers.SideTransformer
[11:28:45] [main/TRACE] [FML/]: Registering transformer net.minecraftforge.fml.common.asm.transformers.EventSubscriptionTransformer
[11:28:45] [main/TRACE] [FML/]: Registering transformer net.minecraftforge.fml.common.asm.transformers.EventSubscriberTransformer
[11:28:45] [main/DEBUG] [FML/]: Injection complete
[11:28:45] [main/DEBUG] [FML/]: Running coremod plugin for FMLCorePlugin \{net.minecraftforge.fml.relauncher.FMLCorePlugin\}
[11:28:45] [main/DEBUG] [FML/]: Running coremod plugin FMLCorePlugin
[11:28:46] [main/DEBUG] [FML/]: Injecting tracing printstreams for STDOUT/STDERR.
[11:28:46] [main/DEBUG] [FML/]: Read 1056 binary patches
[11:28:46] [main/DEBUG] [FML/]: Loading deobfuscation resource /deobfuscation_data-1.12.2.lzma with 36083 records
[11:28:47] [main/INFO] [FML/]: Found valid fingerprint for Minecraft Forge. Certificate fingerprint e3c3d50c7c986df74c645c0ac54639741c90a557
[11:28:47] [main/DEBUG] [FML/]: Coremod plugin class FMLCorePlugin run successfully
[11:28:47] [main/INFO] [LaunchWrapper/]: Calling tweak class net.minecraftforge.fml.relauncher.CoreModManager$FMLPluginWrapper
[11:28:47] [main/DEBUG] [FML/]: Injecting coremod FMLForgePlugin \{net.minecraftforge.classloading.FMLForgePlugin\} class transformers
[11:28:47] [main/DEBUG] [FML/]: Injection complete
[11:28:47] [main/DEBUG] [FML/]: Running coremod plugin for FMLForgePlugin \{net.minecraftforge.classloading.FMLForgePlugin\}
[11:28:47] [main/DEBUG] [FML/]: Running coremod plugin FMLForgePlugin
[11:28:47] [main/DEBUG] [FML/]: Coremod plugin class FMLForgePlugin run successfully
[11:28:47] [main/INFO] [LaunchWrapper/]: Calling tweak class net.minecraftforge.fml.common.launcher.FMLDeobfTweaker
[11:28:47] [main/DEBUG] [FML/]: Loaded 209 rules from AccessTransformer config file forge_at.cfg
[11:28:47] [main/DEBUG] [FML/]: Validating minecraft
[11:28:47] [main/DEBUG] [FML/]: Minecraft validated, launching...
[11:28:47] [main/INFO] [LaunchWrapper/]: Loading tweak class name net.minecraftforge.fml.common.launcher.TerminalTweaker
[11:28:47] [main/INFO] [LaunchWrapper/]: Calling tweak class net.minecraftforge.fml.common.launcher.TerminalTweaker
[11:28:47] [main/INFO] [LaunchWrapper/]: Launching wrapped minecraft {net.minecraft.server.MinecraftServer}
[11:28:51] [main/DEBUG] [FML/]: Creating vanilla freeze snapshot
[11:28:51] [main/DEBUG] [FML/]: Vanilla freeze snapshot created
